<?xml version="1.0" encoding="UTF-8"?>
<testsuite name="com.nur.model.ReserveTest" tests="1" skipped="0" failures="0" errors="0" timestamp="2023-09-09T23:23:31" hostname="DARK" time="0.034">
  <properties/>
  <testcase name="testCheckCreateReserve()" classname="com.nur.model.ReserveTest" time="0.034"/>
  <system-out><![CDATA[]]></system-out>
  <system-err><![CDATA[]]></system-err>
</testsuite>
