<?xml version="1.0" encoding="UTF-8"?>
<testsuite name="com.nur.model.UserJpaModelTest" tests="1" skipped="0" failures="0" errors="0" timestamp="2023-09-07T02:18:34" hostname="DESKTOP-B9MAGP3" time="0.221">
  <properties/>
  <testcase name="testUserJpaModelCreation()" classname="com.nur.model.UserJpaModelTest" time="0.221"/>
  <system-out><![CDATA[]]></system-out>
  <system-err><![CDATA[]]></system-err>
</testsuite>
